#
# A fatal error has been detected by the Java Runtime Environment:
#
#  EXCEPTION_ACCESS_VIOLATION (0xc0000005) at pc=0x00007ffad488fde4, pid=11992, tid=17204
#
# JRE version: OpenJDK Runtime Environment (21.0.1+12) (build 21.0.1+12-29)
# Java VM: OpenJDK 64-Bit Server VM (21.0.1+12-29, mixed mode, emulated-client, sharing, tiered, compressed oops, compressed class ptrs, g1 gc, windows-amd64)
# Problematic frame:
# V  [jvm.dll+0x72fde4]
#
# No core dump will be written. Minidumps are not enabled by default on client versions of Windows
#
# If you would like to submit a bug report, please visit:
#   https://bugreport.java.com/bugreport/crash.jsp
#

---------------  S U M M A R Y ------------

Command Line: -XX:TieredStopAtLevel=1 -Dspring.output.ansi.enabled=always -Dcom.sun.management.jmxremote -Dspring.jmx.enabled=true -Dspring.liveBeansView.mbeanDomain -Dspring.application.admin.enabled=true -Dmanagement.endpoints.jmx.exposure.include=* -javaagent:C:\Users\qwoli\AppData\Local\Programs\IntelliJ IDEA Ultimate\lib\idea_rt.jar=58665:C:\Users\qwoli\AppData\Local\Programs\IntelliJ IDEA Ultimate\bin -Dfile.encoding=UTF-8 -Dsun.stdout.encoding=UTF-8 -Dsun.stderr.encoding=UTF-8 com.example.CloudGateway.CloudGatewayApplication

Host: Intel(R) Core(TM) i5-7640X CPU @ 4.00GHz, 4 cores, 15G,  Windows 11 , 64 bit Build 22621 (10.0.22621.2506)
Time: Sun Dec 31 16:44:35 2023  Windows 11 , 64 bit Build 22621 (10.0.22621.2506) elapsed time: 0.401139 seconds (0d 0h 0m 0s)

---------------  T H R E A D  ---------------

Current thread (0x00000267bf8b9410):  JavaThread "main"             [_thread_in_vm, id=17204, stack(0x000000da4d900000,0x000000da4da00000) (1024K)]

Stack: [0x000000da4d900000,0x000000da4da00000],  sp=0x000000da4d9fd5e0,  free space=1013k
Native frames: (J=compiled Java code, j=interpreted, Vv=VM code, C=native code)
V  [jvm.dll+0x72fde4]
V  [jvm.dll+0x67a34f]
V  [jvm.dll+0x3c2a1d]
V  [jvm.dll+0x3c1a27]
V  [jvm.dll+0x3c19c8]
V  [jvm.dll+0x3d373a]
C  0x00000267c9ec8cf4

The last pc belongs to new (printed below).
Java frames: (J=compiled Java code, j=interpreted, Vv=VM code)
j  java.lang.invoke.VarHandles.makeFieldHandle(Ljava/lang/invoke/MemberName;Ljava/lang/Class;Ljava/lang/Class;Z)Ljava/lang/invoke/VarHandle;+316 java.base@21.0.1
j  java.lang.invoke.MethodHandles$Lookup.getFieldVarHandleCommon(BBLjava/lang/Class;Ljava/lang/invoke/MemberName;Ljava/lang/invoke/MemberName;Z)Ljava/lang/invoke/VarHandle;+270 java.base@21.0.1
j  java.lang.invoke.MethodHandles$Lookup.getFieldVarHandle(BBLjava/lang/Class;Ljava/lang/invoke/MemberName;Ljava/lang/invoke/MemberName;)Ljava/lang/invoke/VarHandle;+12 java.base@21.0.1
j  java.lang.invoke.MethodHandles$Lookup.findVarHandle(Ljava/lang/Class;Ljava/lang/String;Ljava/lang/Class;)Ljava/lang/invoke/VarHandle;+28 java.base@21.0.1
j  java.util.concurrent.atomic.Striped64.<clinit>()V+21 java.base@21.0.1
v  ~StubRoutines::call_stub 0x00000267c9eb100d
j  java.util.concurrent.ConcurrentSkipListMap.addCount(J)V+14 java.base@21.0.1
j  java.util.concurrent.ConcurrentSkipListMap.doPut(Ljava/lang/Object;Ljava/lang/Object;Z)Ljava/lang/Object;+540 java.base@21.0.1
j  java.util.concurrent.ConcurrentSkipListMap.putIfAbsent(Ljava/lang/Object;Ljava/lang/Object;)Ljava/lang/Object;+16 java.base@21.0.1
j  java.util.concurrent.ConcurrentSkipListSet.add(Ljava/lang/Object;)Z+8 java.base@21.0.1
j  java.net.InetAddress$NameServiceAddresses.get()[Ljava/net/InetAddress;+214 java.base@21.0.1
j  java.net.InetAddress.getAllByName0(Ljava/lang/String;ZZ)[Ljava/net/InetAddress;+172 java.base@21.0.1
j  java.net.InetAddress.getAllByName(Ljava/lang/String;)[Ljava/net/InetAddress;+349 java.base@21.0.1
j  java.net.InetAddress.getByName(Ljava/lang/String;)Ljava/net/InetAddress;+1 java.base@21.0.1
j  sun.management.jmxremote.ConnectorBootstrap.startLocalConnectorServer()Ljavax/management/remote/JMXConnectorServer;+60 jdk.management.agent@21.0.1
j  jdk.internal.agent.Agent.startLocalManagementAgent()V+13 jdk.management.agent@21.0.1
j  jdk.internal.agent.Agent.startAgent(Ljava/util/Properties;)V+58 jdk.management.agent@21.0.1
j  jdk.internal.agent.Agent.startAgent()V+20 jdk.management.agent@21.0.1
v  ~StubRoutines::call_stub 0x00000267c9eb100d

siginfo: EXCEPTION_ACCESS_VIOLATION (0xc0000005), reading address 0x0000008500000060


Registers:
RAX=0x0000000000000000, RBX=0x00000267bf89dcf0, RCX=0x000000da4d9fd650, RDX=0x0000008500000018
RSP=0x000000da4d9fd5e0, RBP=0x0000000000000000, RSI=0x00000267bf941fe0, RDI=0x000000da4d9fd780
R8 =0x0000000000000000, R9 =0x0000000000000001, R10=0x00000267bf96d790, R11=0x00000267d5257250
R12=0x0000000000000000, R13=0x000000000000c02b, R14=0x00000000000000c3, R15=0x00000267c1a81a60
RIP=0x00007ffad488fde4, EFLAGS=0x0000000000010246


Register to memory mapping:

RAX=0x0 is null
RBX=0x00000267bf89dcf0 points into unknown readable memory: 0x0000000000000000 | 00 00 00 00 00 00 00 00
RCX=0x000000da4d9fd650 is pointing into the stack for thread: 0x00000267bf8b9410
RDX=0x0000008500000018 is an unknown value
RSP=0x000000da4d9fd5e0 is pointing into the stack for thread: 0x00000267bf8b9410
RBP=0x0 is null
RSI=0x00000267bf941fe0 points into unknown readable memory: 0x73726573555c3a02 | 02 3a 5c 55 73 65 72 73
RDI=0x000000da4d9fd780 is pointing into the stack for thread: 0x00000267bf8b9410
R8 =0x0 is null
R9 =0x0000000000000001 is an unknown value
R10=0x00000267bf96d790 points into unknown readable memory: 0x0000001e00000005 | 05 00 00 00 1e 00 00 00
R11={method} {0x00000267d5257258} 'getAndBitwiseAnd' '(Ljava/lang/invoke/VarHandle;Ljava/lang/Object;J)J' in 'java/lang/invoke/VarHandleLongs$FieldInstanceReadWrite'
R12=0x0 is null
R13=0x000000000000c02b is an unknown value
R14=0x00000000000000c3 is an unknown value
R15=0x00000267c1a81a60 points into unknown readable memory: 0x0000000000000000 | 00 00 00 00 00 00 00 00

Top of Stack: (sp=0x000000da4d9fd5e0)
0x000000da4d9fd5e0:   00007ffad4d989f8 00000267bf941fe0
0x000000da4d9fd5f0:   00007ffad4d989f8 00000267bf941fe0
0x000000da4d9fd600:   00007ffa0000c02b 00000267bf8b9410
0x000000da4d9fd610:   0000000000000000 000000da4d9fd638
0x000000da4d9fd620:   00000000000003d8 00000267c1a81a70
0x000000da4d9fd630:   00000267c1a81e48 000000000000bbbe
0x000000da4d9fd640:   000000da00000000 00000267ffffffff
0x000000da4d9fd650:   00000267d5552750 000002670000000b
0x000000da4d9fd660:   0000000000017997 0000000c0000000c
0x000000da4d9fd670:   0000000e0000000b 00000267bf8b9410
0x000000da4d9fd680:   00000267d420ed38 00007ffad492ce44
0x000000da4d9fd690:   0000000000000013 00000000003c09e4
0x000000da4d9fd6a0:   000000da4d9fd7a0 000000da4d9fd668
0x000000da4d9fd6b0:   000000da00000004 00000267c1a83840
0x000000da4d9fd6c0:   00009834de60e298 00007ffad416aa3e
0x000000da4d9fd6d0:   0000000000000000 00000267d58b9cac
0x000000da4d9fd6e0:   0000000000000000 000000da4d9fd780
0x000000da4d9fd6f0:   0000000000000017 00007ffad47da34f
0x000000da4d9fd700:   00000267d52571f8 00000267d52571f8
0x000000da4d9fd710:   00000267bf8b9410 0000000000000000
0x000000da4d9fd720:   0000000000000000 00000267d4d33b50
0x000000da4d9fd730:   00000267d525605a 00007ffad4522a1d
0x000000da4d9fd740:   0000000000000017 00000267bf8b9410
0x000000da4d9fd750:   00000267d5255fa8 000000da4d9fd7e9
0x000000da4d9fd760:   00000267d4215010 00007ffb90c737eb
0x000000da4d9fd770:   00000267d4d57c00 00000267d5556e38
0x000000da4d9fd780:   00000267d52571f8 00000267bf8b9410
0x000000da4d9fd790:   00000267d4d57c00 00007ffad485342f
0x000000da4d9fd7a0:   0000000000000000 00000000003c09f7
0x000000da4d9fd7b0:   0000000000000001 00000267c1a82d00
0x000000da4d9fd7c0:   00000267c1a83610 00000267c1a83840
0x000000da4d9fd7d0:   00000267c1a82014 00000267c1a82028 

Instructions: (pc=0x00007ffad488fde4)
0x00007ffad488fce4:   ff 72 00 8b 8c 82 d8 ff 72 00 48 03 ca ff e1 48
0x00007ffad488fcf4:   8b 05 86 05 51 00 eb 07 48 8b 05 75 05 51 00 48
0x00007ffad488fd04:   85 c0 0f 85 8b 02 00 00 65 48 8b 04 25 58 00 00
0x00007ffad488fd14:   00 8b 0d 0d a2 53 00 48 89 9c 24 28 01 00 00 48
0x00007ffad488fd24:   89 ac 24 30 01 00 00 48 89 b4 24 08 01 00 00 48
0x00007ffad488fd34:   8b 1c c8 4c 89 a4 24 00 01 00 00 b8 70 00 00 00
0x00007ffad488fd44:   4c 89 ac 24 f8 00 00 00 4c 89 bc 24 f0 00 00 00
0x00007ffad488fd54:   80 3c 18 00 75 05 e8 a1 4c 1c 00 b8 20 00 00 00
0x00007ffad488fd64:   33 ed 48 89 6c 24 30 48 8b 04 18 48 8b b0 18 03
0x00007ffad488fd74:   00 00 48 8b 46 18 4c 8b 7e 10 48 89 44 24 48 48
0x00007ffad488fd84:   8b 46 20 48 89 44 24 50 48 8b 46 28 48 89 44 24
0x00007ffad488fd94:   40 48 8b 07 4c 8b 40 08 44 8b 48 28 41 c1 e9 03
0x00007ffad488fda4:   41 80 e1 01 49 8b 08 49 8b 00 45 0f b7 68 2e 48
0x00007ffad488fdb4:   c1 e9 20 85 c0 74 0d 81 f9 00 00 00 80 74 05 4d
0x00007ffad488fdc4:   8b 00 eb 03 4c 8b c5 48 8b 07 44 89 6c 24 20 48
0x00007ffad488fdd4:   8b 48 08 0f b7 41 26 48 8b 51 08 48 8d 4c 24 70
0x00007ffad488fde4:   48 8b 54 c2 48 e8 c2 d3 ff ff 48 8b 1d 13 7a 50
0x00007ffad488fdf4:   00 4c 8b a4 24 c8 00 00 00 48 85 db 74 08 48 8b
0x00007ffad488fe04:   cb e8 96 89 f6 ff 4d 8b c4 48 8d 4c 24 58 41 8b
0x00007ffad488fe14:   d5 e8 56 d2 ff ff 48 8d 44 24 58 8b fd 48 8d 4c
0x00007ffad488fe24:   24 58 48 89 44 24 38 e8 80 13 00 00 48 8b 6c 24
0x00007ffad488fe34:   58 85 c0 7e 61 39 7c 24 68 7d 2e 48 8d 54 24 58
0x00007ffad488fe44:   44 8b c0 66 0f 1f 84 00 00 00 00 00 8b cf 48 8d
0x00007ffad488fe54:   52 04 8b c7 c1 f9 05 c1 e0 08 8b f9 33 f8 33 7a
0x00007ffad488fe64:   fc 49 83 e8 01 75 e5 eb 2d 4c 63 c0 85 c0 7e 26
0x00007ffad488fe74:   33 d2 66 66 0f 1f 84 00 00 00 00 00 8b cf 8b c7
0x00007ffad488fe84:   c1 f9 05 33 4c 95 00 48 ff c2 c1 e0 08 8b f9 33
0x00007ffad488fe94:   f8 49 3b d0 7c e6 48 8b 0d e7 03 51 00 4c 8d 44
0x00007ffad488fea4:   24 38 8b d7 e8 c3 18 00 00 48 8b 10 b8 00 00 00
0x00007ffad488feb4:   00 48 85 d2 48 8d 7a 10 48 0f 44 f8 48 85 ff 74
0x00007ffad488fec4:   25 48 8b 3f 39 44 24 68 7e 08 48 8b cd e8 ba eb
0x00007ffad488fed4:   98 ff 48 85 ff 74 1d 48 85 db 74 4d 48 8b cb e8 


Stack slot to memory mapping:

stack at sp + 0 slots: 0x00007ffad4d989f8 jvm.dll
stack at sp + 1 slots: 0x00000267bf941fe0 points into unknown readable memory: 0x73726573555c3a02 | 02 3a 5c 55 73 65 72 73
stack at sp + 2 slots: 0x00007ffad4d989f8 jvm.dll
stack at sp + 3 slots: 0x00000267bf941fe0 points into unknown readable memory: 0x73726573555c3a02 | 02 3a 5c 55 73 65 72 73
stack at sp + 4 slots: 0x00007ffa0000c02b is an unknown value
stack at sp + 5 slots: 0x00000267bf8b9410 is a thread
stack at sp + 6 slots: 0x0 is null
stack at sp + 7 slots: 0x000000da4d9fd638 is pointing into the stack for thread: 0x00000267bf8b9410

new  187 new  [0x00000267c9ec8b60, 0x00000267c9ec8d68]  520 bytes
[MachCode]
  0x00000267c9ec8b60: 4883 ec08 | c5fa 1104 | 24eb 1f48 | 83ec 10c5 | fb11 0424 | eb14 4883 | ec10 4889 | 0424 48c7 
  0x00000267c9ec8b80: 4424 0800 | 0000 00eb | 0150 410f | b755 010f | cac1 ea10 | 488b 4de8 | 488b 4908 | 488b 4908 
  0x00000267c9ec8ba0: 488b 4108 | 807c 1004 | 070f 85d3 | 0000 0066 | 8b54 d148 | 488b 4928 | 488b 4cd1 | 0851 80b9 
  0x00000267c9ec8bc0: 2001 0000 | 050f 85b6 | 0000 008b | 5108 f6c2 | 010f 85aa | 0000 0049 | 8b87 b801 | 0000 488d 
  0x00000267c9ec8be0: 1c10 493b | 9fc8 0100 | 000f 8792 | 0000 0049 | 899f b801 | 0000 4883 | ea10 0f84 | 0f00 0000 
  0x00000267c9ec8c00: 33c9 c1ea | 0348 894c | d008 48ff | ca75 f648 | c700 0100 | 0000 5933 | f689 700c | 49ba 0000 
  0x00000267c9ec8c20: 00d5 6702 | 0000 492b | ca89 4808 | 49ba ca25 | d8d4 fa7f | 0000 4180 | 3a00 0f84 | 3c00 0000 
  0x00000267c9ec8c40: 5048 8bc8 | 4883 ec20 | 40f6 c40f | 0f84 1900 | 0000 4883 | ec08 48b8 | 70eb 88d4 | fa7f 0000 
  0x00000267c9ec8c60: ffd0 4883 | c408 e90c | 0000 0048 | b870 eb88 | d4fa 7f00 | 00ff d048 | 83c4 2058 | e9cb 0000 
  0x00000267c9ec8c80: 0059 488b | 55e8 488b | 5208 488b | 5208 450f | b745 0141 | 0fc8 41c1 | e810 e805 | 0000 00e9 
  0x00000267c9ec8ca0: a800 0000 | 488d 4424 | 084c 896d | c049 8bcf | c5f8 7749 | 89af a803 | 0000 4989 | 8798 0300 
  0x00000267c9ec8cc0: 0048 83ec | 2040 f6c4 | 0f0f 8419 | 0000 0048 | 83ec 0848 | b8b0 3653 | d4fa 7f00 | 00ff d048 
  0x00000267c9ec8ce0: 83c4 08e9 | 0c00 0000 | 48b8 b036 | 53d4 fa7f | 0000 ffd0 | 4883 c420 | 49c7 8798 | 0300 0000 
  0x00000267c9ec8d00: 0000 0049 | c787 a803 | 0000 0000 | 0000 49c7 | 87a0 0300 | 0000 0000 | 00c5 f877 | 4983 7f08 
  0x00000267c9ec8d20: 000f 8405 | 0000 00e9 | d481 feff | 498b 87f0 | 0300 0049 | c787 f003 | 0000 0000 | 0000 4c8b 
  0x00000267c9ec8d40: 6dc0 4c8b | 75c8 4e8d | 74f5 00c3 | 410f b65d | 0349 83c5 | 0349 ba80 | dfda d4fa | 7f00 0041 
  0x00000267c9ec8d60: ff24 da0f | 1f44 0000 
[/MachCode]

---------------  P R O C E S S  ---------------

Threads class SMR info:
_java_thread_list=0x00000267d4a77030, length=13, elements={
0x00000267bf8b9410, 0x00000267d4245ff0, 0x00000267d4246fc0, 0x00000267d424cbe0,
0x00000267d424eb10, 0x00000267d424f720, 0x00000267d42502b0, 0x00000267d42530c0,
0x00000267d42108c0, 0x00000267d44bcf60, 0x00000267d44be620, 0x00000267d4d38150,
0x00000267d4d3c3f0
}

Java Threads: ( => current thread )
=>0x00000267bf8b9410 JavaThread "main"                              [_thread_in_vm, id=17204, stack(0x000000da4d900000,0x000000da4da00000) (1024K)]
  0x00000267d4245ff0 JavaThread "Reference Handler"          daemon [_thread_blocked, id=19332, stack(0x000000da4e100000,0x000000da4e200000) (1024K)]
  0x00000267d4246fc0 JavaThread "Finalizer"                  daemon [_thread_blocked, id=10108, stack(0x000000da4e200000,0x000000da4e300000) (1024K)]
  0x00000267d424cbe0 JavaThread "Signal Dispatcher"          daemon [_thread_blocked, id=17052, stack(0x000000da4e300000,0x000000da4e400000) (1024K)]
  0x00000267d424eb10 JavaThread "Attach Listener"            daemon [_thread_blocked, id=17620, stack(0x000000da4e400000,0x000000da4e500000) (1024K)]
  0x00000267d424f720 JavaThread "Service Thread"             daemon [_thread_blocked, id=5952, stack(0x000000da4e500000,0x000000da4e600000) (1024K)]
  0x00000267d42502b0 JavaThread "Monitor Deflation Thread"   daemon [_thread_blocked, id=6212, stack(0x000000da4e600000,0x000000da4e700000) (1024K)]
  0x00000267d42530c0 JavaThread "C1 CompilerThread0"         daemon [_thread_blocked, id=3664, stack(0x000000da4e700000,0x000000da4e800000) (1024K)]
  0x00000267d42108c0 JavaThread "Common-Cleaner"             daemon [_thread_blocked, id=1288, stack(0x000000da4e800000,0x000000da4e900000) (1024K)]
  0x00000267d44bcf60 JavaThread "C1 CompilerThread1"         daemon [_thread_blocked, id=9116, stack(0x000000da4e900000,0x000000da4ea00000) (1024K)]
  0x00000267d44be620 JavaThread "C1 CompilerThread2"         daemon [_thread_blocked, id=12680, stack(0x000000da4ea00000,0x000000da4eb00000) (1024K)]
  0x00000267d4d38150 JavaThread "Monitor Ctrl-Break"         daemon [_thread_in_native, id=18920, stack(0x000000da4ee00000,0x000000da4ef00000) (1024K)]
  0x00000267d4d3c3f0 JavaThread "Notification Thread"        daemon [_thread_blocked, id=8532, stack(0x000000da4ef00000,0x000000da4f000000) (1024K)]
Total: 13

Other Threads:
  0x00000267d4225410 VMThread "VM Thread"                           [id=7584, stack(0x000000da4e000000,0x000000da4e100000) (1024K)]
  0x00000267d420e720 WatcherThread "VM Periodic Task Thread"        [id=1636, stack(0x000000da4df00000,0x000000da4e000000) (1024K)]
  0x00000267c1aeb770 WorkerThread "GC Thread#0"                     [id=19272, stack(0x000000da4da00000,0x000000da4db00000) (1024K)]
  0x00000267d4cf22b0 WorkerThread "GC Thread#1"                     [id=9636, stack(0x000000da4eb00000,0x000000da4ec00000) (1024K)]
  0x00000267d4cf2650 WorkerThread "GC Thread#2"                     [id=8844, stack(0x000000da4ec00000,0x000000da4ed00000) (1024K)]
  0x00000267d4cf29f0 WorkerThread "GC Thread#3"                     [id=11376, stack(0x000000da4ed00000,0x000000da4ee00000) (1024K)]
  0x00000267c1afc5e0 ConcurrentGCThread "G1 Main Marker"            [id=18980, stack(0x000000da4db00000,0x000000da4dc00000) (1024K)]
  0x00000267c1afd0e0 WorkerThread "G1 Conc#0"                       [id=16532, stack(0x000000da4dc00000,0x000000da4dd00000) (1024K)]
  0x00000267d40d0560 ConcurrentGCThread "G1 Refine#0"               [id=11448, stack(0x000000da4dd00000,0x000000da4de00000) (1024K)]
  0x00000267d40d16d0 ConcurrentGCThread "G1 Service"                [id=11452, stack(0x000000da4de00000,0x000000da4df00000) (1024K)]
Total: 10

Threads with active compile tasks:
Total: 0

VM state: not at safepoint (normal execution)

VM Mutex/Monitor currently owned by a thread: None

Heap address: 0x0000000701600000, size: 4074 MB, Compressed Oops mode: Zero based, Oop shift amount: 3

CDS archive(s) mapped at: [0x00000267d5000000-0x00000267d5c90000-0x00000267d5c90000), size 13172736, SharedBaseAddress: 0x00000267d5000000, ArchiveRelocationMode: 1.
Compressed class space mapped at: 0x00000267d6000000-0x0000026816000000, reserved size: 1073741824
Narrow klass base: 0x00000267d5000000, Narrow klass shift: 0, Narrow klass range: 0x100000000

GC Precious Log:
 CardTable entry size: 512
 Card Set container configuration: InlinePtr #cards 4 size 8 Array Of Cards #cards 16 size 48 Howl #buckets 8 coarsen threshold 3686 Howl Bitmap #cards 512 size 80 coarsen threshold 460 Card regions per heap region 1 cards per card region 4096
 CPUs: 4 total, 4 available
 Memory: 16289M
 Large Page Support: Disabled
 NUMA Support: Disabled
 Compressed Oops: Enabled (Zero based)
 Heap Region Size: 2M
 Heap Min Capacity: 8M
 Heap Initial Capacity: 256M
 Heap Max Capacity: 4074M
 Pre-touch: Disabled
 Parallel Workers: 4
 Concurrent Workers: 1
 Concurrent Refinement Workers: 4
 Periodic GC: Disabled

Heap:
 garbage-first heap   total 262144K, used 7312K [0x0000000701600000, 0x0000000800000000)
  region size 2048K, 2 young (4096K), 1 survivors (2048K)
 Metaspace       used 822K, committed 1024K, reserved 1114112K
  class space    used 77K, committed 192K, reserved 1048576K

Heap Regions: E=young(eden), S=young(survivor), O=old, HS=humongous(starts), HC=humongous(continues), CS=collection set, F=free, TAMS=top-at-mark-start, PB=parsable bottom
|   0|0x0000000701600000, 0x0000000701800000, 0x0000000701800000|100%| O|  |TAMS 0x0000000701600000| PB 0x0000000701600000| Untracked 
|   1|0x0000000701800000, 0x0000000701a00000, 0x0000000701a00000|100%| O|  |TAMS 0x0000000701800000| PB 0x0000000701800000| Untracked 
|   2|0x0000000701a00000, 0x0000000701b24348, 0x0000000701c00000| 57%| O|  |TAMS 0x0000000701a00000| PB 0x0000000701a00000| Untracked 
|   3|0x0000000701c00000, 0x0000000701c00000, 0x0000000701e00000|  0%| F|  |TAMS 0x0000000701c00000| PB 0x0000000701c00000| Untracked 
|   4|0x0000000701e00000, 0x0000000701e00000, 0x0000000702000000|  0%| F|  |TAMS 0x0000000701e00000| PB 0x0000000701e00000| Untracked 
|   5|0x0000000702000000, 0x0000000702000000, 0x0000000702200000|  0%| F|  |TAMS 0x0000000702000000| PB 0x0000000702000000| Untracked 
|   6|0x0000000702200000, 0x0000000702200000, 0x0000000702400000|  0%| F|  |TAMS 0x0000000702200000| PB 0x0000000702200000| Untracked 
|   7|0x0000000702400000, 0x0000000702400000, 0x0000000702600000|  0%| F|  |TAMS 0x0000000702400000| PB 0x0000000702400000| Untracked 
|   8|0x0000000702600000, 0x0000000702600000, 0x0000000702800000|  0%| F|  |TAMS 0x0000000702600000| PB 0x0000000702600000| Untracked 
|   9|0x0000000702800000, 0x0000000702800000, 0x0000000702a00000|  0%| F|  |TAMS 0x0000000702800000| PB 0x0000000702800000| Untracked 
|  10|0x0000000702a00000, 0x0000000702a00000, 0x0000000702c00000|  0%| F|  |TAMS 0x0000000702a00000| PB 0x0000000702a00000| Untracked 
|  11|0x0000000702c00000, 0x0000000702c00000, 0x0000000702e00000|  0%| F|  |TAMS 0x0000000702c00000| PB 0x0000000702c00000| Untracked 
|  12|0x0000000702e00000, 0x0000000702e00000, 0x0000000703000000|  0%| F|  |TAMS 0x0000000702e00000| PB 0x0000000702e00000| Untracked 
|  13|0x0000000703000000, 0x0000000703000000, 0x0000000703200000|  0%| F|  |TAMS 0x0000000703000000| PB 0x0000000703000000| Untracked 
|  14|0x0000000703200000, 0x0000000703200000, 0x0000000703400000|  0%| F|  |TAMS 0x0000000703200000| PB 0x0000000703200000| Untracked 
|  15|0x0000000703400000, 0x0000000703400000, 0x0000000703600000|  0%| F|  |TAMS 0x0000000703400000| PB 0x0000000703400000| Untracked 
|  16|0x0000000703600000, 0x0000000703600000, 0x0000000703800000|  0%| F|  |TAMS 0x0000000703600000| PB 0x0000000703600000| Untracked 
|  17|0x0000000703800000, 0x0000000703800000, 0x0000000703a00000|  0%| F|  |TAMS 0x0000000703800000| PB 0x0000000703800000| Untracked 
|  18|0x0000000703a00000, 0x0000000703a00000, 0x0000000703c00000|  0%| F|  |TAMS 0x0000000703a00000| PB 0x0000000703a00000| Untracked 
|  19|0x0000000703c00000, 0x0000000703c00000, 0x0000000703e00000|  0%| F|  |TAMS 0x0000000703c00000| PB 0x0000000703c00000| Untracked 
|  20|0x0000000703e00000, 0x0000000703e00000, 0x0000000704000000|  0%| F|  |TAMS 0x0000000703e00000| PB 0x0000000703e00000| Untracked 
|  21|0x0000000704000000, 0x0000000704000000, 0x0000000704200000|  0%| F|  |TAMS 0x0000000704000000| PB 0x0000000704000000| Untracked 
|  22|0x0000000704200000, 0x0000000704200000, 0x0000000704400000|  0%| F|  |TAMS 0x0000000704200000| PB 0x0000000704200000| Untracked 
|  23|0x0000000704400000, 0x0000000704400000, 0x0000000704600000|  0%| F|  |TAMS 0x0000000704400000| PB 0x0000000704400000| Untracked 
|  24|0x0000000704600000, 0x0000000704600000, 0x0000000704800000|  0%| F|  |TAMS 0x0000000704600000| PB 0x0000000704600000| Untracked 
|  25|0x0000000704800000, 0x0000000704800000, 0x0000000704a00000|  0%| F|  |TAMS 0x0000000704800000| PB 0x0000000704800000| Untracked 
|  26|0x0000000704a00000, 0x0000000704a00000, 0x0000000704c00000|  0%| F|  |TAMS 0x0000000704a00000| PB 0x0000000704a00000| Untracked 
|  27|0x0000000704c00000, 0x0000000704c00000, 0x0000000704e00000|  0%| F|  |TAMS 0x0000000704c00000| PB 0x0000000704c00000| Untracked 
|  28|0x0000000704e00000, 0x0000000704e00000, 0x0000000705000000|  0%| F|  |TAMS 0x0000000704e00000| PB 0x0000000704e00000| Untracked 
|  29|0x0000000705000000, 0x0000000705000000, 0x0000000705200000|  0%| F|  |TAMS 0x0000000705000000| PB 0x0000000705000000| Untracked 
|  30|0x0000000705200000, 0x0000000705200000, 0x0000000705400000|  0%| F|  |TAMS 0x0000000705200000| PB 0x0000000705200000| Untracked 
|  31|0x0000000705400000, 0x0000000705400000, 0x0000000705600000|  0%| F|  |TAMS 0x0000000705400000| PB 0x0000000705400000| Untracked 
|  32|0x0000000705600000, 0x0000000705600000, 0x0000000705800000|  0%| F|  |TAMS 0x0000000705600000| PB 0x0000000705600000| Untracked 
|  33|0x0000000705800000, 0x0000000705800000, 0x0000000705a00000|  0%| F|  |TAMS 0x0000000705800000| PB 0x0000000705800000| Untracked 
|  34|0x0000000705a00000, 0x0000000705a00000, 0x0000000705c00000|  0%| F|  |TAMS 0x0000000705a00000| PB 0x0000000705a00000| Untracked 
|  35|0x0000000705c00000, 0x0000000705c00000, 0x0000000705e00000|  0%| F|  |TAMS 0x0000000705c00000| PB 0x0000000705c00000| Untracked 
|  36|0x0000000705e00000, 0x0000000705e00000, 0x0000000706000000|  0%| F|  |TAMS 0x0000000705e00000| PB 0x0000000705e00000| Untracked 
|  37|0x0000000706000000, 0x0000000706000000, 0x0000000706200000|  0%| F|  |TAMS 0x0000000706000000| PB 0x0000000706000000| Untracked 
|  38|0x0000000706200000, 0x0000000706200000, 0x0000000706400000|  0%| F|  |TAMS 0x0000000706200000| PB 0x0000000706200000| Untracked 
|  39|0x0000000706400000, 0x0000000706400000, 0x0000000706600000|  0%| F|  |TAMS 0x0000000706400000| PB 0x0000000706400000| Untracked 
|  40|0x0000000706600000, 0x0000000706600000, 0x0000000706800000|  0%| F|  |TAMS 0x0000000706600000| PB 0x0000000706600000| Untracked 
|  41|0x0000000706800000, 0x0000000706800000, 0x0000000706a00000|  0%| F|  |TAMS 0x0000000706800000| PB 0x0000000706800000| Untracked 
|  42|0x0000000706a00000, 0x0000000706a00000, 0x0000000706c00000|  0%| F|  |TAMS 0x0000000706a00000| PB 0x0000000706a00000| Untracked 
|  43|0x0000000706c00000, 0x0000000706c00000, 0x0000000706e00000|  0%| F|  |TAMS 0x0000000706c00000| PB 0x0000000706c00000| Untracked 
|  44|0x0000000706e00000, 0x0000000706e00000, 0x0000000707000000|  0%| F|  |TAMS 0x0000000706e00000| PB 0x0000000706e00000| Untracked 
|  45|0x0000000707000000, 0x0000000707000000, 0x0000000707200000|  0%| F|  |TAMS 0x0000000707000000| PB 0x0000000707000000| Untracked 
|  46|0x0000000707200000, 0x0000000707200000, 0x0000000707400000|  0%| F|  |TAMS 0x0000000707200000| PB 0x0000000707200000| Untracked 
|  47|0x0000000707400000, 0x0000000707400000, 0x0000000707600000|  0%| F|  |TAMS 0x0000000707400000| PB 0x0000000707400000| Untracked 
|  48|0x0000000707600000, 0x0000000707600000, 0x0000000707800000|  0%| F|  |TAMS 0x0000000707600000| PB 0x0000000707600000| Untracked 
|  49|0x0000000707800000, 0x0000000707800000, 0x0000000707a00000|  0%| F|  |TAMS 0x0000000707800000| PB 0x0000000707800000| Untracked 
|  50|0x0000000707a00000, 0x0000000707a00000, 0x0000000707c00000|  0%| F|  |TAMS 0x0000000707a00000| PB 0x0000000707a00000| Untracked 
|  51|0x0000000707c00000, 0x0000000707c00000, 0x0000000707e00000|  0%| F|  |TAMS 0x0000000707c00000| PB 0x0000000707c00000| Untracked 
|  52|0x0000000707e00000, 0x0000000707e00000, 0x0000000708000000|  0%| F|  |TAMS 0x0000000707e00000| PB 0x0000000707e00000| Untracked 
|  53|0x0000000708000000, 0x0000000708000000, 0x0000000708200000|  0%| F|  |TAMS 0x0000000708000000| PB 0x0000000708000000| Untracked 
|  54|0x0000000708200000, 0x0000000708200000, 0x0000000708400000|  0%| F|  |TAMS 0x0000000708200000| PB 0x0000000708200000| Untracked 
|  55|0x0000000708400000, 0x0000000708400000, 0x0000000708600000|  0%| F|  |TAMS 0x0000000708400000| PB 0x0000000708400000| Untracked 
|  56|0x0000000708600000, 0x0000000708600000, 0x0000000708800000|  0%| F|  |TAMS 0x0000000708600000| PB 0x0000000708600000| Untracked 
|  57|0x0000000708800000, 0x0000000708800000, 0x0000000708a00000|  0%| F|  |TAMS 0x0000000708800000| PB 0x0000000708800000| Untracked 
|  58|0x0000000708a00000, 0x0000000708a00000, 0x0000000708c00000|  0%| F|  |TAMS 0x0000000708a00000| PB 0x0000000708a00000| Untracked 
|  59|0x0000000708c00000, 0x0000000708c00000, 0x0000000708e00000|  0%| F|  |TAMS 0x0000000708c00000| PB 0x0000000708c00000| Untracked 
|  60|0x0000000708e00000, 0x0000000708e00000, 0x0000000709000000|  0%| F|  |TAMS 0x0000000708e00000| PB 0x0000000708e00000| Untracked 
|  61|0x0000000709000000, 0x0000000709000000, 0x0000000709200000|  0%| F|  |TAMS 0x0000000709000000| PB 0x0000000709000000| Untracked 
|  62|0x0000000709200000, 0x0000000709200000, 0x0000000709400000|  0%| F|  |TAMS 0x0000000709200000| PB 0x0000000709200000| Untracked 
|  63|0x0000000709400000, 0x0000000709400000, 0x0000000709600000|  0%| F|  |TAMS 0x0000000709400000| PB 0x0000000709400000| Untracked 
|  64|0x0000000709600000, 0x0000000709600000, 0x0000000709800000|  0%| F|  |TAMS 0x0000000709600000| PB 0x0000000709600000| Untracked 
|  65|0x0000000709800000, 0x0000000709800000, 0x0000000709a00000|  0%| F|  |TAMS 0x0000000709800000| PB 0x0000000709800000| Untracked 
|  66|0x0000000709a00000, 0x0000000709a00000, 0x0000000709c00000|  0%| F|  |TAMS 0x0000000709a00000| PB 0x0000000709a00000| Untracked 
|  67|0x0000000709c00000, 0x0000000709c00000, 0x0000000709e00000|  0%| F|  |TAMS 0x0000000709c00000| PB 0x0000000709c00000| Untracked 
|  68|0x0000000709e00000, 0x0000000709e00000, 0x000000070a000000|  0%| F|  |TAMS 0x0000000709e00000| PB 0x0000000709e00000| Untracked 
|  69|0x000000070a000000, 0x000000070a000000, 0x000000070a200000|  0%| F|  |TAMS 0x000000070a000000| PB 0x000000070a000000| Untracked 
|  70|0x000000070a200000, 0x000000070a200000, 0x000000070a400000|  0%| F|  |TAMS 0x000000070a200000| PB 0x000000070a200000| Untracked 
|  71|0x000000070a400000, 0x000000070a400000, 0x000000070a600000|  0%| F|  |TAMS 0x000000070a400000| PB 0x000000070a400000| Untracked 
|  72|0x000000070a600000, 0x000000070a600000, 0x000000070a800000|  0%| F|  |TAMS 0x000000070a600000| PB 0x000000070a600000| Untracked 
|  73|0x000000070a800000, 0x000000070a800000, 0x000000070aa00000|  0%| F|  |TAMS 0x000000070a800000| PB 0x000000070a800000| Untracked 
|  74|0x000000070aa00000, 0x000000070aa00000, 0x000000070ac00000|  0%| F|  |TAMS 0x000000070aa00000| PB 0x000000070aa00000| Untracked 
|  75|0x000000070ac00000, 0x000000070ac00000, 0x000000070ae00000|  0%| F|  |TAMS 0x000000070ac00000| PB 0x000000070ac00000| Untracked 
|  76|0x000000070ae00000, 0x000000070ae00000, 0x000000070b000000|  0%| F|  |TAMS 0x000000070ae00000| PB 0x000000070ae00000| Untracked 
|  77|0x000000070b000000, 0x000000070b000000, 0x000000070b200000|  0%| F|  |TAMS 0x000000070b000000| PB 0x000000070b000000| Untracked 
|  78|0x000000070b200000, 0x000000070b200000, 0x000000070b400000|  0%| F|  |TAMS 0x000000070b200000| PB 0x000000070b200000| Untracked 
|  79|0x000000070b400000, 0x000000070b400000, 0x000000070b600000|  0%| F|  |TAMS 0x000000070b400000| PB 0x000000070b400000| Untracked 
|  80|0x000000070b600000, 0x000000070b600000, 0x000000070b800000|  0%| F|  |TAMS 0x000000070b600000| PB 0x000000070b600000| Untracked 
|  81|0x000000070b800000, 0x000000070b800000, 0x000000070ba00000|  0%| F|  |TAMS 0x000000070b800000| PB 0x000000070b800000| Untracked 
|  82|0x000000070ba00000, 0x000000070ba00000, 0x000000070bc00000|  0%| F|  |TAMS 0x000000070ba00000| PB 0x000000070ba00000| Untracked 
|  83|0x000000070bc00000, 0x000000070bc00000, 0x000000070be00000|  0%| F|  |TAMS 0x000000070bc00000| PB 0x000000070bc00000| Untracked 
|  84|0x000000070be00000, 0x000000070be00000, 0x000000070c000000|  0%| F|  |TAMS 0x000000070be00000| PB 0x000000070be00000| Untracked 
|  85|0x000000070c000000, 0x000000070c000000, 0x000000070c200000|  0%| F|  |TAMS 0x000000070c000000| PB 0x000000070c000000| Untracked 
|  86|0x000000070c200000, 0x000000070c200000, 0x000000070c400000|  0%| F|  |TAMS 0x000000070c200000| PB 0x000000070c200000| Untracked 
|  87|0x000000070c400000, 0x000000070c400000, 0x000000070c600000|  0%| F|  |TAMS 0x000000070c400000| PB 0x000000070c400000| Untracked 
|  88|0x000000070c600000, 0x000000070c600000, 0x000000070c800000|  0%| F|  |TAMS 0x000000070c600000| PB 0x000000070c600000| Untracked 
|  89|0x000000070c800000, 0x000000070c800000, 0x000000070ca00000|  0%| F|  |TAMS 0x000000070c800000| PB 0x000000070c800000| Untracked 
|  90|0x000000070ca00000, 0x000000070ca00000, 0x000000070cc00000|  0%| F|  |TAMS 0x000000070ca00000| PB 0x000000070ca00000| Untracked 
|  91|0x000000070cc00000, 0x000000070cc00000, 0x000000070ce00000|  0%| F|  |TAMS 0x000000070cc00000| PB 0x000000070cc00000| Untracked 
|  92|0x000000070ce00000, 0x000000070ce00000, 0x000000070d000000|  0%| F|  |TAMS 0x000000070ce00000| PB 0x000000070ce00000| Untracked 
|  93|0x000000070d000000, 0x000000070d000000, 0x000000070d200000|  0%| F|  |TAMS 0x000000070d000000| PB 0x000000070d000000| Untracked 
|  94|0x000000070d200000, 0x000000070d200000, 0x000000070d400000|  0%| F|  |TAMS 0x000000070d200000| PB 0x000000070d200000| Untracked 
|  95|0x000000070d400000, 0x000000070d400000, 0x000000070d600000|  0%| F|  |TAMS 0x000000070d400000| PB 0x000000070d400000| Untracked 
|  96|0x000000070d600000, 0x000000070d600000, 0x000000070d800000|  0%| F|  |TAMS 0x000000070d600000| PB 0x000000070d600000| Untracked 
|  97|0x000000070d800000, 0x000000070d800000, 0x000000070da00000|  0%| F|  |TAMS 0x000000070d800000| PB 0x000000070d800000| Untracked 
|  98|0x000000070da00000, 0x000000070da00000, 0x000000070dc00000|  0%| F|  |TAMS 0x000000070da00000| PB 0x000000070da00000| Untracked 
|  99|0x000000070dc00000, 0x000000070dc00000, 0x000000070de00000|  0%| F|  |TAMS 0x000000070dc00000| PB 0x000000070dc00000| Untracked 
| 100|0x000000070de00000, 0x000000070de00000, 0x000000070e000000|  0%| F|  |TAMS 0x000000070de00000| PB 0x000000070de00000| Untracked 
| 101|0x000000070e000000, 0x000000070e000000, 0x000000070e200000|  0%| F|  |TAMS 0x000000070e000000| PB 0x000000070e000000| Untracked 
| 102|0x000000070e200000, 0x000000070e200000, 0x000000070e400000|  0%| F|  |TAMS 0x000000070e200000| PB 0x000000070e200000| Untracked 
| 103|0x000000070e400000, 0x000000070e400000, 0x000000070e600000|  0%| F|  |TAMS 0x000000070e400000| PB 0x000000070e400000| Untracked 
| 104|0x000000070e600000, 0x000000070e600000, 0x000000070e800000|  0%| F|  |TAMS 0x000000070e600000| PB 0x000000070e600000| Untracked 
| 105|0x000000070e800000, 0x000000070e800000, 0x000000070ea00000|  0%| F|  |TAMS 0x000000070e800000| PB 0x000000070e800000| Untracked 
| 106|0x000000070ea00000, 0x000000070ea00000, 0x000000070ec00000|  0%| F|  |TAMS 0x000000070ea00000| PB 0x000000070ea00000| Untracked 
| 107|0x000000070ec00000, 0x000000070ec00000, 0x000000070ee00000|  0%| F|  |TAMS 0x000000070ec00000| PB 0x000000070ec00000| Untracked 
| 108|0x000000070ee00000, 0x000000070ee00000, 0x000000070f000000|  0%| F|  |TAMS 0x000000070ee00000| PB 0x000000070ee00000| Untracked 
| 109|0x000000070f000000, 0x000000070f000000, 0x000000070f200000|  0%| F|  |TAMS 0x000000070f000000| PB 0x000000070f000000| Untracked 
| 110|0x000000070f200000, 0x000000070f200000, 0x000000070f400000|  0%| F|  |TAMS 0x000000070f200000| PB 0x000000070f200000| Untracked 
| 111|0x000000070f400000, 0x000000070f400000, 0x000000070f600000|  0%| F|  |TAMS 0x000000070f400000| PB 0x000000070f400000| Untracked 
| 112|0x000000070f600000, 0x000000070f600000, 0x000000070f800000|  0%| F|  |TAMS 0x000000070f600000| PB 0x000000070f600000| Untracked 
| 113|0x000000070f800000, 0x000000070f800000, 0x000000070fa00000|  0%| F|  |TAMS 0x000000070f800000| PB 0x000000070f800000| Untracked 
| 114|0x000000070fa00000, 0x000000070fa00000, 0x000000070fc00000|  0%| F|  |TAMS 0x000000070fa00000| PB 0x000000070fa00000| Untracked 
| 115|0x000000070fc00000, 0x000000070fc00000, 0x000000070fe00000|  0%| F|  |TAMS 0x000000070fc00000| PB 0x000000070fc00000| Untracked 
| 116|0x000000070fe00000, 0x000000070fe00000, 0x0000000710000000|  0%| F|  |TAMS 0x000000070fe00000| PB 0x000000070fe00000| Untracked 
| 117|0x0000000710000000, 0x0000000710000000, 0x0000000710200000|  0%| F|  |TAMS 0x0000000710000000| PB 0x0000000710000000| Untracked 
| 118|0x0000000710200000, 0x0000000710200000, 0x0000000710400000|  0%| F|  |TAMS 0x0000000710200000| PB 0x0000000710200000| Untracked 
| 119|0x0000000710400000, 0x0000000710400000, 0x0000000710600000|  0%| F|  |TAMS 0x0000000710400000| PB 0x0000000710400000| Untracked 
| 120|0x0000000710600000, 0x0000000710600000, 0x0000000710800000|  0%| F|  |TAMS 0x0000000710600000| PB 0x0000000710600000| Untracked 
| 121|0x0000000710800000, 0x0000000710a00000, 0x0000000710a00000|100%| S|CS|TAMS 0x0000000710800000| PB 0x0000000710800000| Complete 
| 122|0x0000000710a00000, 0x0000000710a00000, 0x0000000710c00000|  0%| F|  |TAMS 0x0000000710a00000| PB 0x0000000710a00000| Untracked 
| 123|0x0000000710c00000, 0x0000000710c00000, 0x0000000710e00000|  0%| F|  |TAMS 0x0000000710c00000| PB 0x0000000710c00000| Untracked 
| 124|0x0000000710e00000, 0x0000000710e00000, 0x0000000711000000|  0%| F|  |TAMS 0x0000000710e00000| PB 0x0000000710e00000| Untracked 
| 125|0x0000000711000000, 0x0000000711000000, 0x0000000711200000|  0%| F|  |TAMS 0x0000000711000000| PB 0x0000000711000000| Untracked 
| 126|0x0000000711200000, 0x0000000711200000, 0x0000000711400000|  0%| F|  |TAMS 0x0000000711200000| PB 0x0000000711200000| Untracked 
| 127|0x0000000711400000, 0x00000007114c7148, 0x0000000711600000| 38%| E|  |TAMS 0x0000000711400000| PB 0x0000000711400000| Complete 

Card table byte_map: [0x00000267cd6b0000,0x00000267cdeb0000] _byte_map_base: 0x00000267c9ea5000

Marking Bits: (CMBitMap*) 0x00000267c1aebe70
 Bits: [0x00000267cdeb0000, 0x00000267d1e58000)

Polling page: 0x00000267c1230000

Metaspace:

Usage:
  Non-class:    745.30 KB used.
      Class:     77.20 KB used.
       Both:    822.51 KB used.

Virtual space:
  Non-class space:       64.00 MB reserved,     832.00 KB (  1%) committed,  1 nodes.
      Class space:        1.00 GB reserved,     192.00 KB ( <1%) committed,  1 nodes.
             Both:        1.06 GB reserved,       1.00 MB ( <1%) committed. 

Chunk freelists:
   Non-Class:  11.96 MB
       Class:  15.74 MB
        Both:  27.69 MB

MaxMetaspaceSize: unlimited
CompressedClassSpaceSize: 1.00 GB
Initial GC threshold: 21.00 MB
Current GC threshold: 21.00 MB
CDS: on
 - commit_granule_bytes: 65536.
 - commit_granule_words: 8192.
 - virtual_space_node_default_size: 8388608.
 - enlarge_chunks_in_place: 1.
 - use_allocation_guard: 0.


Internal statistics:

num_allocs_failed_limit: 0.
num_arena_births: 26.
num_arena_deaths: 0.
num_vsnodes_births: 2.
num_vsnodes_deaths: 0.
num_space_committed: 16.
num_space_uncommitted: 0.
num_chunks_returned_to_freelist: 0.
num_chunks_taken_from_freelist: 31.
num_chunk_merges: 0.
num_chunk_splits: 21.
num_chunks_enlarged: 12.
num_inconsistent_stats: 0.

CodeCache: size=49152Kb used=3042Kb max_used=3042Kb free=46109Kb
 bounds [0x00000267c9eb0000, 0x00000267ca1b0000, 0x00000267cceb0000]
 total_blobs=916 nmethods=507 adapters=332
 compilation: enabled
              stopped_count=0, restarted_count=0
 full_count=0

Compilation events (20 events):
Event: 0.386 Thread 0x00000267d42530c0  495       1       java.lang.Class::getPackageName (81 bytes)
Event: 0.386 Thread 0x00000267d44bcf60  496       1       java.util.concurrent.ConcurrentHashMap$BaseIterator::hasNext (13 bytes)
Event: 0.386 Thread 0x00000267d44bcf60 nmethod 496 0x00000267ca1a0190 code [0x00000267ca1a0320, 0x00000267ca1a0408]
Event: 0.386 Thread 0x00000267d42530c0 nmethod 495 0x00000267ca1a0490 code [0x00000267ca1a06a0, 0x00000267ca1a0a60]
Event: 0.386 Thread 0x00000267d44bcf60  497       1       java.lang.invoke.MemberName::getReferenceKind (12 bytes)
Event: 0.386 Thread 0x00000267d42530c0  498   !   1       java.lang.invoke.MemberName::getMethodType (211 bytes)
Event: 0.386 Thread 0x00000267d44bcf60 nmethod 497 0x00000267ca1a0d10 code [0x00000267ca1a0ea0, 0x00000267ca1a0f78]
Event: 0.387 Thread 0x00000267d42530c0 nmethod 498 0x00000267ca1a1010 code [0x00000267ca1a1220, 0x00000267ca1a1980]
Event: 0.388 Thread 0x00000267d42530c0  499       1       sun.invoke.util.VerifyAccess::isTypeVisible (118 bytes)
Event: 0.389 Thread 0x00000267d42530c0 nmethod 499 0x00000267ca1a1d10 code [0x00000267ca1a1f60, 0x00000267ca1a2448]
Event: 0.391 Thread 0x00000267d44be620  503       1       java.lang.invoke.MemberName::isResolved (13 bytes)
Event: 0.391 Thread 0x00000267d44bcf60  504       1       java.lang.invoke.MethodHandles$Lookup::lookupClass (5 bytes)
Event: 0.391 Thread 0x00000267d44be620 nmethod 503 0x00000267ca1a3490 code [0x00000267ca1a3620, 0x00000267ca1a3708]
Event: 0.391 Thread 0x00000267d44bcf60 nmethod 504 0x00000267ca1a3790 code [0x00000267ca1a3920, 0x00000267ca1a39f0]
Event: 0.392 Thread 0x00000267d44bcf60  505       1       java.lang.String::<init> (74 bytes)
Event: 0.392 Thread 0x00000267d42530c0  506       1       java.lang.StringUTF16::compress (20 bytes)
Event: 0.392 Thread 0x00000267d42530c0 nmethod 506 0x00000267ca1a3a90 code [0x00000267ca1a3c40, 0x00000267ca1a3df0]
Event: 0.392 Thread 0x00000267d44bcf60 nmethod 505 0x00000267ca1a3e90 code [0x00000267ca1a4080, 0x00000267ca1a4490]
Event: 0.392 Thread 0x00000267d42530c0  507 %     1       java.util.Properties$LineReader::readLine @ 224 (584 bytes)
Event: 0.394 Thread 0x00000267d42530c0 nmethod 507% 0x00000267ca1a6690 code [0x00000267ca1a6960, 0x00000267ca1a7dd8]

GC Heap History (2 events):
Event: 0.369 GC heap before
{Heap before GC invocations=0 (full 0):
 garbage-first heap   total 262144K, used 12288K [0x0000000701600000, 0x0000000800000000)
  region size 2048K, 6 young (12288K), 0 survivors (0K)
 Metaspace       used 249K, committed 448K, reserved 1114112K
  class space    used 17K, committed 128K, reserved 1048576K
}
Event: 0.372 GC heap after
{Heap after GC invocations=1 (full 0):
 garbage-first heap   total 262144K, used 7312K [0x0000000701600000, 0x0000000800000000)
  region size 2048K, 1 young (2048K), 1 survivors (2048K)
 Metaspace       used 249K, committed 448K, reserved 1114112K
  class space    used 17K, committed 128K, reserved 1048576K
}

Dll operation events (9 events):
Event: 0.026 Loaded shared library C:\Users\qwoli\.jdks\openjdk-21.0.1\bin\java.dll
Event: 0.254 Loaded shared library C:\Users\qwoli\.jdks\openjdk-21.0.1\bin\zip.dll
Event: 0.257 Loaded shared library C:\Users\qwoli\.jdks\openjdk-21.0.1\bin\instrument.dll
Event: 0.261 Loaded shared library C:\Users\qwoli\.jdks\openjdk-21.0.1\bin\net.dll
Event: 0.263 Loaded shared library C:\Users\qwoli\.jdks\openjdk-21.0.1\bin\nio.dll
Event: 0.265 Loaded shared library C:\Users\qwoli\.jdks\openjdk-21.0.1\bin\zip.dll
Event: 0.378 Loaded shared library C:\Users\qwoli\AppData\Local\Programs\IntelliJ IDEA Ultimate\bin\breakgen64.dll
Event: 0.381 Loaded shared library C:\Users\qwoli\.jdks\openjdk-21.0.1\bin\jimage.dll
Event: 0.384 Loaded shared library C:\Users\qwoli\.jdks\openjdk-21.0.1\bin\extnet.dll

Deoptimization events (0 events):
No events

Classes loaded (20 events):
Event: 0.389 Loading class sun/nio/ch/NioSocketImpl$1
Event: 0.389 Loading class sun/nio/ch/NioSocketImpl$1 done
Event: 0.389 Loading class sun/nio/cs/StreamDecoder
Event: 0.389 Loading class sun/nio/cs/StreamDecoder done
Event: 0.390 Loading class sun/nio/cs/US_ASCII$Decoder
Event: 0.390 Loading class sun/nio/cs/US_ASCII$Decoder done
Event: 0.390 Loading class sun/nio/ch/Util
Event: 0.390 Loading class sun/nio/ch/Util done
Event: 0.390 Loading class sun/nio/ch/Util$1
Event: 0.390 Loading class sun/nio/ch/Util$1 done
Event: 0.390 Loading class sun/nio/ch/Util$BufferCache
Event: 0.390 Loading class sun/nio/ch/Util$BufferCache done
Event: 0.390 Loading class java/nio/DirectByteBuffer$Deallocator
Event: 0.390 Loading class java/nio/DirectByteBuffer$Deallocator done
Event: 0.391 Loading class sun/net/InetAddressCachePolicy
Event: 0.391 Loading class sun/net/InetAddressCachePolicy done
Event: 0.391 Loading class sun/net/InetAddressCachePolicy$1
Event: 0.391 Loading class sun/net/InetAddressCachePolicy$1 done
Event: 0.393 Loading class java/net/InetAddress$CachedLookup
Event: 0.393 Loading class java/net/InetAddress$CachedLookup done

Classes unloaded (0 events):
No events

Classes redefined (0 events):
No events

Internal exceptions (3 events):
Event: 0.367 Thread 0x00000267bf8b9410 Exception <a 'java/lang/NoSuchMethodError'{0x0000000710bf2330}: 'void java.lang.invoke.DirectMethodHandle$Holder.invokeStatic(java.lang.Object, java.lang.Object, java.lang.Object)'> (0x0000000710bf2330) 
thrown [s\open\src\hotspot\share\interpreter\linkResolver.cpp, line 773]
Event: 0.374 Thread 0x00000267bf8b9410 Exception <a 'java/lang/NoSuchMethodError'{0x0000000711409950}: 'java.lang.Object java.lang.invoke.Invokers$Holder.invokeExact_MT(java.lang.Object, java.lang.Object, java.lang.Object, java.lang.Object, java.lang.Object)'> (0x0000000711409950) 
thrown [s\open\src\hotspot\share\interpreter\linkResolver.cpp, line 773]
Event: 0.386 Thread 0x00000267d4d38150 Exception <a 'java/lang/NoSuchMethodError'{0x000000071146c0d8}: 'void java.lang.invoke.DirectMethodHandle$Holder.invokeStatic(java.lang.Object, java.lang.Object)'> (0x000000071146c0d8) 
thrown [s\open\src\hotspot\share\interpreter\linkResolver.cpp, line 773]

ZGC Phase Switch (0 events):
No events

VM Operations (6 events):
Event: 0.240 Executing VM operation: HandshakeAllThreads (Deoptimize)
Event: 0.240 Executing VM operation: HandshakeAllThreads (Deoptimize) done
Event: 0.369 Executing VM operation: G1CollectForAllocation (G1 Evacuation Pause)
Event: 0.372 Executing VM operation: G1CollectForAllocation (G1 Evacuation Pause) done
Event: 0.380 Executing VM operation: HandshakeAllThreads (Deoptimize)
Event: 0.380 Executing VM operation: HandshakeAllThreads (Deoptimize) done

Events (13 events):
Event: 0.042 Thread 0x00000267bf8b9410 Thread added: 0x00000267bf8b9410
Event: 0.055 Thread 0x00000267d4245ff0 Thread added: 0x00000267d4245ff0
Event: 0.055 Thread 0x00000267d4246fc0 Thread added: 0x00000267d4246fc0
Event: 0.055 Thread 0x00000267d424cbe0 Thread added: 0x00000267d424cbe0
Event: 0.055 Thread 0x00000267d424eb10 Thread added: 0x00000267d424eb10
Event: 0.055 Thread 0x00000267d424f720 Thread added: 0x00000267d424f720
Event: 0.055 Thread 0x00000267d42502b0 Thread added: 0x00000267d42502b0
Event: 0.055 Thread 0x00000267d42530c0 Thread added: 0x00000267d42530c0
Event: 0.233 Thread 0x00000267d42108c0 Thread added: 0x00000267d42108c0
Event: 0.243 Thread 0x00000267d44bcf60 Thread added: 0x00000267d44bcf60
Event: 0.243 Thread 0x00000267d44be620 Thread added: 0x00000267d44be620
Event: 0.378 Thread 0x00000267d4d38150 Thread added: 0x00000267d4d38150
Event: 0.378 Thread 0x00000267d4d3c3f0 Thread added: 0x00000267d4d3c3f0


Dynamic libraries:
0x00007ff77a9e0000 - 0x00007ff77a9ee000 	C:\Users\qwoli\.jdks\openjdk-21.0.1\bin\java.exe
0x00007ffb932f0000 - 0x00007ffb93507000 	C:\Windows\SYSTEM32\ntdll.dll
0x00007ffb92460000 - 0x00007ffb92524000 	C:\Windows\System32\KERNEL32.DLL
0x00007ffb908b0000 - 0x00007ffb90c56000 	C:\Windows\System32\KERNELBASE.dll
0x00007ffb90c60000 - 0x00007ffb90d71000 	C:\Windows\System32\ucrtbase.dll
0x00007ffb73360000 - 0x00007ffb73378000 	C:\Users\qwoli\.jdks\openjdk-21.0.1\bin\jli.dll
0x00007ffb91340000 - 0x00007ffb914ee000 	C:\Windows\System32\USER32.dll
0x00007ffb6e640000 - 0x00007ffb6e65b000 	C:\Users\qwoli\.jdks\openjdk-21.0.1\bin\VCRUNTIME140.dll
0x00007ffb90d80000 - 0x00007ffb90da6000 	C:\Windows\System32\win32u.dll
0x00007ffb92430000 - 0x00007ffb92459000 	C:\Windows\System32\GDI32.dll
0x00007ffb90db0000 - 0x00007ffb90ec8000 	C:\Windows\System32\gdi32full.dll
0x00007ffb90810000 - 0x00007ffb908aa000 	C:\Windows\System32\msvcp_win.dll
0x00007ffb76f90000 - 0x00007ffb77223000 	C:\Windows\WinSxS\amd64_microsoft.windows.common-controls_6595b64144ccf1df_6.0.22621.2506_none_270c5ae97388e100\COMCTL32.dll
0x00007ffb92380000 - 0x00007ffb92427000 	C:\Windows\System32\msvcrt.dll
0x00007ffb92ed0000 - 0x00007ffb92f01000 	C:\Windows\System32\IMM32.DLL
0x00007ffb8d890000 - 0x00007ffb8d89c000 	C:\Users\qwoli\.jdks\openjdk-21.0.1\bin\vcruntime140_1.dll
0x00007ffaff4a0000 - 0x00007ffaff52e000 	C:\Users\qwoli\.jdks\openjdk-21.0.1\bin\msvcp140.dll
0x00007ffad4160000 - 0x00007ffad4e75000 	C:\Users\qwoli\.jdks\openjdk-21.0.1\bin\server\jvm.dll
0x00007ffb91920000 - 0x00007ffb919d1000 	C:\Windows\System32\ADVAPI32.dll
0x00007ffb92b70000 - 0x00007ffb92c15000 	C:\Windows\System32\sechost.dll
0x00007ffb92a50000 - 0x00007ffb92b67000 	C:\Windows\System32\RPCRT4.dll
0x00007ffb914f0000 - 0x00007ffb91561000 	C:\Windows\System32\WS2_32.dll
0x00007ffb89310000 - 0x00007ffb89344000 	C:\Windows\SYSTEM32\WINMM.dll
0x00007ffb8f470000 - 0x00007ffb8f4bd000 	C:\Windows\SYSTEM32\POWRPROF.dll
0x00007ffb87db0000 - 0x00007ffb87dba000 	C:\Windows\SYSTEM32\VERSION.dll
0x00007ffb8f450000 - 0x00007ffb8f463000 	C:\Windows\SYSTEM32\UMPDC.dll
0x00007ffb8f710000 - 0x00007ffb8f728000 	C:\Windows\SYSTEM32\kernel.appcore.dll
0x00007ffb744a0000 - 0x00007ffb744aa000 	C:\Users\qwoli\.jdks\openjdk-21.0.1\bin\jimage.dll
0x00007ffb84b40000 - 0x00007ffb84d73000 	C:\Windows\SYSTEM32\DBGHELP.DLL
0x00007ffb91570000 - 0x00007ffb918f9000 	C:\Windows\System32\combase.dll
0x00007ffb91040000 - 0x00007ffb91117000 	C:\Windows\System32\OLEAUT32.dll
0x00007ffb67130000 - 0x00007ffb67162000 	C:\Windows\SYSTEM32\dbgcore.DLL
0x00007ffb90720000 - 0x00007ffb9079a000 	C:\Windows\System32\bcryptPrimitives.dll
0x00007ffb8bac0000 - 0x00007ffb8bacf000 	C:\Users\qwoli\.jdks\openjdk-21.0.1\bin\instrument.dll
0x00007ffb6e490000 - 0x00007ffb6e4af000 	C:\Users\qwoli\.jdks\openjdk-21.0.1\bin\java.dll
0x00007ffb91a50000 - 0x00007ffb922aa000 	C:\Windows\System32\SHELL32.dll
0x00007ffb8e530000 - 0x00007ffb8ee26000 	C:\Windows\SYSTEM32\windows.storage.dll
0x00007ffb8e3f0000 - 0x00007ffb8e52e000 	C:\Windows\SYSTEM32\wintypes.dll
0x00007ffb92c20000 - 0x00007ffb92d13000 	C:\Windows\System32\SHCORE.dll
0x00007ffb922d0000 - 0x00007ffb9232e000 	C:\Windows\System32\shlwapi.dll
0x00007ffb90590000 - 0x00007ffb905b6000 	C:\Windows\SYSTEM32\profapi.dll
0x00007ffb6ca60000 - 0x00007ffb6ca78000 	C:\Users\qwoli\.jdks\openjdk-21.0.1\bin\zip.dll
0x00007ffb6e630000 - 0x00007ffb6e640000 	C:\Users\qwoli\.jdks\openjdk-21.0.1\bin\net.dll
0x00007ffb891d0000 - 0x00007ffb89307000 	C:\Windows\SYSTEM32\WINHTTP.dll
0x00007ffb8fb80000 - 0x00007ffb8fbe9000 	C:\Windows\system32\mswsock.dll
0x00007ffb6cc90000 - 0x00007ffb6cca6000 	C:\Users\qwoli\.jdks\openjdk-21.0.1\bin\nio.dll
0x00007ffb6cc70000 - 0x00007ffb6cc8a000 	C:\Users\qwoli\AppData\Local\Programs\IntelliJ IDEA Ultimate\bin\breakgen64.dll
0x00007ffb72b20000 - 0x00007ffb72b27000 	C:\Users\qwoli\.jdks\openjdk-21.0.1\bin\extnet.dll
0x00007ffb8f170000 - 0x00007ffb8f269000 	C:\Windows\SYSTEM32\DNSAPI.dll
0x00007ffb8f100000 - 0x00007ffb8f12d000 	C:\Windows\SYSTEM32\IPHLPAPI.DLL
0x00007ffb922b0000 - 0x00007ffb922b9000 	C:\Windows\System32\NSI.dll
0x00007ffb7e040000 - 0x00007ffb7e04a000 	C:\Windows\System32\rasadhlp.dll
0x00007ffb87b30000 - 0x00007ffb87bb3000 	C:\Windows\System32\fwpuclnt.dll

dbghelp: loaded successfully - version: 4.0.5 - missing functions: none
symbol engine: initialized successfully - sym options: 0x614 - pdb path: .;C:\Users\qwoli\.jdks\openjdk-21.0.1\bin;C:\Windows\SYSTEM32;C:\Windows\WinSxS\amd64_microsoft.windows.common-controls_6595b64144ccf1df_6.0.22621.2506_none_270c5ae97388e100;C:\Users\qwoli\.jdks\openjdk-21.0.1\bin\server;C:\Users\qwoli\AppData\Local\Programs\IntelliJ IDEA Ultimate\bin

VM Arguments:
jvm_args: -XX:TieredStopAtLevel=1 -Dspring.output.ansi.enabled=always -Dcom.sun.management.jmxremote -Dspring.jmx.enabled=true -Dspring.liveBeansView.mbeanDomain -Dspring.application.admin.enabled=true -Dmanagement.endpoints.jmx.exposure.include=* -javaagent:C:\Users\qwoli\AppData\Local\Programs\IntelliJ IDEA Ultimate\lib\idea_rt.jar=58665:C:\Users\qwoli\AppData\Local\Programs\IntelliJ IDEA Ultimate\bin -Dfile.encoding=UTF-8 -Dsun.stdout.encoding=UTF-8 -Dsun.stderr.encoding=UTF-8 
java_command: com.example.CloudGateway.CloudGatewayApplication
java_class_path (initial): C:\Users\qwoli\IdeaProjects\Microservices\CloudGateway\target\classes;C:\Users\qwoli\.m2\repository\org\springframework\boot\spring-boot-starter-actuator\3.2.1\spring-boot-starter-actuator-3.2.1.jar;C:\Users\qwoli\.m2\repository\org\springframework\boot\spring-boot-starter\3.2.1\spring-boot-starter-3.2.1.jar;C:\Users\qwoli\.m2\repository\org\springframework\boot\spring-boot\3.2.1\spring-boot-3.2.1.jar;C:\Users\qwoli\.m2\repository\org\springframework\boot\spring-boot-autoconfigure\3.2.1\spring-boot-autoconfigure-3.2.1.jar;C:\Users\qwoli\.m2\repository\org\springframework\boot\spring-boot-starter-logging\3.2.1\spring-boot-starter-logging-3.2.1.jar;C:\Users\qwoli\.m2\repository\ch\qos\logback\logback-classic\1.4.14\logback-classic-1.4.14.jar;C:\Users\qwoli\.m2\repository\ch\qos\logback\logback-core\1.4.14\logback-core-1.4.14.jar;C:\Users\qwoli\.m2\repository\org\apache\logging\log4j\log4j-to-slf4j\2.21.1\log4j-to-slf4j-2.21.1.jar;C:\Users\qwoli\.m2\repository\org\apache\logging\log4j\log4j-api\2.21.1\log4j-api-2.21.1.jar;C:\Users\qwoli\.m2\repository\org\slf4j\jul-to-slf4j\2.0.9\jul-to-slf4j-2.0.9.jar;C:\Users\qwoli\.m2\repository\jakarta\annotation\jakarta.annotation-api\2.1.1\jakarta.annotation-api-2.1.1.jar;C:\Users\qwoli\.m2\repository\org\yaml\snakeyaml\2.2\snakeyaml-2.2.jar;C:\Users\qwoli\.m2\repository\org\springframework\boot\spring-boot-actuator-autoconfigure\3.2.1\spring-boot-actuator-autoconfigure-3.2.1.jar;C:\Users\qwoli\.m2\repository\org\springframework\boot\spring-boot-actuator\3.2.1\spring-boot-actuator-3.2.1.jar;C:\Users\qwoli\.m2\repository\com\fasterxml\jackson\datatype\jackson-datatype-jsr310\2.15.3\jackson-datatype-jsr310-2.15.3.jar;C:\Users\qwoli\.m2\repository\io\micrometer\micrometer-observation\1.12.1\micrometer-observation-1.12.1.jar;C:\Users\qwoli\.m2\repository\io\micrometer\micrometer-commons\1.12.1\micrometer-commons-1.12.1.jar;C:\Users\qwoli\.m2\repository\io\micrometer\micrometer-jakarta9\1.12.1\micrometer-jakarta9-1.12.1.jar;C:\Users\qwoli\.m2\repository\io\micrometer\micrometer-core\1.12.1\micrometer-core-1.12.1.jar;C:\Users\qwoli\.m2\repository\org\hdrhistogram\HdrHistogram\2.1.12\HdrHistogram-2.1.12.jar;C:\Users\qwoli\.m2\repository\org\latencyutils\LatencyUtils\2.0.3\LatencyUtils-2.0.3.jar;C:\Users\qwoli\.m2\repository\org\springframework\boot\spring-boot-starter-webflux\3.2.1\spring-boot-starter-webflux-3.2.1.jar;C:\Users\qwoli\.m2\repository\org\springframework\boot\spring-boot-starter-json\3.2.1\spring-boot-starter-json-3.2.1.jar;C:\Users\qwoli\.m2\repository\com\fasterxml\jackson\datatype\jackson-datatype-jdk8\2.15.3\jackson-datatype-jdk8-2.15.3.jar;C:\Users\qwoli\.m2\repository\com\fasterxml\jackson\module\jackson-module-parameter-names\2.15.3\jackson-module-parameter-names-2.15.3.jar;C:\Users\qwoli\.m2\repository\org\springframework\boot\spring-boot-starter-reactor-netty\3.2.1\spring-boot-starter-reactor-netty-3.2.1.jar;C:\Users\qwoli\.m2\repository\io\projectreactor\netty\reactor-netty-http\1.1.14\reactor-netty-http-1.1.14.jar;C:\Users\qwoli\.m2\repository\io\netty\netty-codec-http\4.1.104.Final\netty-codec-http-4.1.104.Final.jar;C:\Users\qwoli\.m2\repository\io\netty\netty-codec-http2\4.1.104.Final\netty-codec-http2-4.1.104.Final.jar;C:\Users\qwoli\.m2\repository\io\netty\netty-resolver-dns\4.1.104.Final\netty-resolver-dns-4.1.104.Final.jar;C:\Users\qwoli\.m2\repository\io\netty\netty-codec-dns\4.1.104.Final\netty-codec-dns-4.1.104.Final.jar;C:\Users\qwoli\.m2\repository\io\netty\netty-resolver-dns-native-macos\4.1.104.Final\netty-resolver-dns-native-macos-4.1.104.Final-osx-x86_64.jar;C:\Users\qwoli\.m2\repository\io\netty\netty-resolver-dns-classes-macos\4.1.104.Final\netty-resolver-dns-classes-macos-4.1.104.Final.jar;C:\Users\qwoli\.m2\repository\io\netty\netty-transport-native-epoll\4.1.104.Final\netty-transport-native-epoll-4.1.104.Final-linux-x86_64.jar;C:\Users\qwoli\.m2\repository\io\netty\netty-transport-classes-epoll\4.1.104.Final\netty-transport-classes-epoll-4.1.104.Final.jar;C:\Users\qwoli\.m2\repository\io\projectreactor\netty\reactor-netty-core\1.1.14\reactor-netty-core-1.1.14.jar;C:\Users\qwoli\.m2\repository\io\netty\netty-handler-proxy\4.1.104.Final\netty-handler-proxy-4.1.104.Final.jar;C:\Users\qwoli\.m2\repository\io\netty\netty-codec-socks\4.1.104.Final\netty-codec-socks-4.1.104.Final.jar;C:\Users\qwoli\.m2\repository\org\springframework\spring-web\6.1.2\spring-web-6.1.2.jar;C:\Users\qwoli\.m2\repository\org\springframework\spring-beans\6.1.2\spring-beans-6.1.2.jar;C:\Users\qwoli\.m2\repository\org\springframework\spring-webflux\6.1.2\spring-webflux-6.1.2.jar;C:\Users\qwoli\.m2\repository\io\micrometer\micrometer-tracing-bridge-brave\1.2.1\micrometer-tracing-bridge-brave-1.2.1.jar;C:\Users\qwoli\.m2\repository\io\micrometer\micrometer-tracing\1.2.1\micrometer-tracing-1.2.1.jar;C:\Users\qwoli\.m2\repository\io\micrometer\context-propagation\1.1.0\context-propagation-1.1.0.jar;C:\Users\qwoli\.m2\repository\aopalliance\aopalliance\1.0\aopalliance-1.0.jar;C:\Users\qwoli\.m2\repository\org\slf4j\slf4j-api\2.0.9\slf4j-api-2.0.9.jar;C:\Users\qwoli\.m2\repository\io\zipkin\brave\brave\5.16.0\brave-5.16.0.jar;C:\Users\qwoli\.m2\repository\io\zipkin\brave\brave-context-slf4j\5.16.0\brave-context-slf4j-5.16.0.jar;C:\Users\qwoli\.m2\repository\io\zipkin\brave\brave-instrumentation-http\5.16.0\brave-instrumentation-http-5.16.0.jar;C:\Users\qwoli\.m2\repository\io\zipkin\aws\brave-propagation-aws\0.23.5\brave-propagation-aws-0.23.5.jar;C:\Users\qwoli\.m2\repository\io\zipkin\reporter2\zipkin-reporter-brave\2.16.3\zipkin-reporter-brave-2.16.3.jar;C:\Users\qwoli\.m2\repository\io\zipkin\reporter2\zipkin-reporter\2.16.3\zipkin-reporter-2.16.3.jar;C:\Users\qwoli\.m2\repository\io\zipkin\zipkin2\zipkin\2.23.2\zipkin-2.23.2.jar;C:\Users\qwoli\.m2\repository\org\springframework\cloud\spring-cloud-starter\4.1.0\spring-cloud-starter-4.1.0.jar;C:\Users\qwoli\.m2\repository\org\springframework\cloud\spring-cloud-context\4.1.0\spring-cloud-context-4.1.0.jar;C:\Users\qwoli\.m2\repository\org\springframework\security\spring-security-crypto\6.2.1\spring-security-crypto-6.2.1.jar;C:\Users\qwoli\.m2\repository\org\springframework\cloud\spring-cloud-commons\4.1.0\spring-cloud-commons-4.1.0.jar;C:\Users\qwoli\.m2\repository\org\springframework\security\spring-security-rsa\1.1.1\spring-security-rsa-1.1.1.jar;C:\Users\qwoli\.m2\repository\org\bouncycastle\bcprov-jdk18on\1.74\bcprov-jdk18on-1.74.jar;C:\Users\qwoli\.m2\repository\org\springframework\cloud\spring-cloud-starter-config\4.1.0\spring-cloud-starter-config-4.1.0.jar;C:\Users\qwoli\.m2\repository\org\springframework\cloud\spring-cloud-config-client\4.1.0\spring-cloud-config-client-4.1.0.jar;C:\Users\qwoli\.m2\repository\com\fasterxml\jackson\core\jackson-annotations\2.15.3\jackson-annotations-2.15.3.jar;C:\Users\qwoli\.m2\repository\org\apache\httpcomponents\client5\httpclient5\5.2.3\httpclient5-5.2.3.jar;C:\Users\qwoli\.m2\repository\org\apache\httpcomponents\core5\httpcore5\5.2.4\httpcore5-5.2.4.jar;C:\Users\qwoli\.m2\repository\org\apache\httpcomponents\core5\httpcore5-h2\5.2.4\httpcore5-h2-5.2.4.jar;C:\Users\qwoli\.m2\repository\com\fasterxml\jackson\core\jackson-databind\2.15.3\jackson-databind-2.15.3.jar;C:\Users\qwoli\.m2\repository\com\fasterxml\jackson\core\jackson-core\2.15.3\jackson-core-2.15.3.jar;C:\Users\qwoli\.m2\repository\org\springframework\cloud\spring-cloud-starter-gateway\4.1.0\spring-cloud-starter-gateway-4.1.0.jar;C:\Users\qwoli\.m2\repository\org\springframework\cloud\spring-cloud-gateway-server\4.1.0\spring-cloud-gateway-server-4.1.0.jar;C:\Users\qwoli\.m2\repository\org\springframework\boot\spring-boot-starter-validation\3.2.1\spring-boot-starter-validation-3.2.1.jar;C:\Users\qwoli\.m2\repository\org\apache\tomcat\embed\tomcat-embed-el\10.1.17\tomcat-embed-el-10.1.17.jar;C:\Users\qwoli\.m2\repository\org\hibernate\validator\hibernate-validator\8.0.1.Final\hibernate-validator-8.0.1.Final.jar;C:\Users\qwoli\.m2\repository\jakarta\validation\jakarta.validation-api\3.0.2\jakarta.validation-api-3.0.2.jar;C:\Users\qwoli\.m2\repository\org\jboss\logging\jboss-logging\3.5.3.Final\jboss-logging-3.5.3.Final.jar;C:\Users\qwoli\.m2\repository\com\fasterxml\classmate\1.6.0\classmate-1.6.0.jar;C:\Users\qwoli\.m2\repository\io\projectreactor\addons\reactor-extra\3.5.1\reactor-extra-3.5.1.jar;C:\Users\qwoli\.m2\repository\org\springframework\cloud\spring-cloud-starter-netflix-eureka-client\4.1.0\spring-cloud-starter-netflix-eureka-client-4.1.0.jar;C:\Users\qwoli\.m2\repository\org\springframework\cloud\spring-cloud-netflix-eureka-client\4.1.0\spring-cloud-netflix-eureka-client-4.1.0.jar;C:\Users\qwoli\.m2\repository\com\netflix\eureka\eureka-client\2.0.1\eureka-client-2.0.1.jar;C:\Users\qwoli\.m2\repository\com\netflix\netflix-commons\netflix-eventbus\0.3.0\netflix-eventbus-0.3.0.jar;C:\Users\qwoli\.m2\repository\com\netflix\netflix-commons\netflix-infix\0.3.0\netflix-infix-0.3.0.jar;C:\Users\qwoli\.m2\repository\commons-jxpath\commons-jxpath\1.3\commons-jxpath-1.3.jar;C:\Users\qwoli\.m2\repository\joda-time\joda-time\2.3\joda-time-2.3.jar;C:\Users\qwoli\.m2\repository\org\antlr\antlr-runtime\3.4\antlr-runtime-3.4.jar;C:\Users\qwoli\.m2\repository\org\antlr\stringtemplate\3.2.1\stringtemplate-3.2.1.jar;C:\Users\qwoli\.m2\repository\antlr\antlr\2.7.7\antlr-2.7.7.jar;C:\Users\qwoli\.m2\repository\com\google\code\gson\gson\2.10.1\gson-2.10.1.jar;C:\Users\qwoli\.m2\repository\org\apache\commons\commons-math\2.2\commons-math-2.2.jar;C:\Users\qwoli\.m2\repository\com\thoughtworks\xstream\xstream\1.4.19\xstream-1.4.19.jar;C:\Users\qwoli\.m2\repository\io\github\x-stream\mxparser\1.2.2\mxparser-1.2.2.jar;C:\Users\qwoli\.m2\repository\xmlpull\xmlpull\1.1.3.1\xmlpull-1.1.3.1.jar;C:\Users\qwoli\.m2\repository\jakarta\ws\rs\jakarta.ws.rs-api\3.1.0\jakarta.ws.rs-api-3.1.0.jar;C:\Users\qwoli\.m2\repository\jakarta\inject\jakarta.inject-api\2.0.1\jakarta.inject-api-2.0.1.jar;C:\Users\qwoli\.m2\repository\com\netflix\servo\servo-core\0.12.21\servo-core-0.12.21.jar;C:\Users\qwoli\.m2\repository\com\google\guava\guava\19.0\guava-19.0.jar;C:\Users\qwoli\.m2\repository\org\apache\httpcomponents\httpclient\4.5.3\httpclient-4.5.3.jar;C:\Users\qwoli\.m2\repository\org\apache\httpcomponents\httpcore\4.4.16\httpcore-4.4.16.jar;C:\Users\qwoli\.m2\repository\commons-codec\commons-codec\1.16.0\commons-codec-1.16.0.jar;C:\Users\qwoli\.m2\repository\commons-configuration\commons-configuration\1.10\commons-configuration-1.10.jar;C:\Users\qwoli\.m2\repository\commons-lang\commons-lang\2.6\commons-lang-2.6.jar;C:\Users\qwoli\.m2\repository\org\codehaus\jettison\jettison\1.4.0\jettison-1.4.0.jar;C:\Users\qwoli\.m2\repository\com\netflix\eureka\eureka-core\2.0.1\eureka-core-2.0.1.jar;C:\Users\qwoli\.m2\repository\com\fasterxml\woodstox\woodstox-core\6.2.1\woodstox-core-6.2.1.jar;C:\Users\qwoli\.m2\repository\org\codehaus\woodstox\stax2-api\4.2.1\stax2-api-4.2.1.jar;C:\Users\qwoli\.m2\repository\org\springframework\cloud\spring-cloud-starter-loadbalancer\4.1.0\spring-cloud-starter-loadbalancer-4.1.0.jar;C:\Users\qwoli\.m2\repository\org\springframework\cloud\spring-cloud-loadbalancer\4.1.0\spring-cloud-loadbalancer-4.1.0.jar;C:\Users\qwoli\.m2\repository\org\springframework\boot\spring-boot-starter-cache\3.2.1\spring-boot-starter-cache-3.2.1.jar;C:\Users\qwoli\.m2\repository\com\stoyanr\evictor\1.0.0\evictor-1.0.0.jar;C:\Users\qwoli\.m2\repository\org\projectlombok\lombok\1.18.30\lombok-1.18.30.jar;C:\Users\qwoli\.m2\repository\net\minidev\json-smart\2.5.0\json-smart-2.5.0.jar;C:\Users\qwoli\.m2\repository\net\minidev\accessors-smart\2.5.0\accessors-smart-2.5.0.jar;C:\Users\qwoli\.m2\repository\org\ow2\asm\asm\9.3\asm-9.3.jar;C:\Users\qwoli\.m2\repository\org\springframework\spring-core\6.1.2\spring-core-6.1.2.jar;C:\Users\qwoli\.m2\repository\org\springframework\spring-jcl\6.1.2\spring-jcl-6.1.2.jar;C:\Users\qwoli\.m2\repository\io\projectreactor\reactor-core\3.6.1\reactor-core-3.6.1.jar;C:\Users\qwoli\.m2\repository\org\reactivestreams\reactive-streams\1.0.4\reactive-streams-1.0.4.jar;C:\Users\qwoli\.m2\repository\org\springframework\cloud\spring-cloud-starter-sleuth\3.1.9\spring-cloud-starter-sleuth-3.1.9.jar;C:\Users\qwoli\.m2\repository\org\springframework\boot\spring-boot-starter-aop\3.2.1\spring-boot-starter-aop-3.2.1.jar;C:\Users\qwoli\.m2\repository\org\aspectj\aspectjweaver\1.9.21\aspectjweaver-1.9.21.jar;C:\Users\qwoli\.m2\repository\org\springframework\cloud\spring-cloud-sleuth-autoconfigure\3.1.9\spring-cloud-sleuth-autoconfigure-3.1.9.jar;C:\Users\qwoli\.m2\repository\org\springframework\cloud\spring-cloud-sleuth-instrumentation\3.1.9\spring-cloud-sleuth-instrumentation-3.1.9.jar;C:\Users\qwoli\.m2\repository\org\springframework\cloud\spring-cloud-sleuth-api\3.1.9\spring-cloud-sleuth-api-3.1.9.jar;C:\Users\qwoli\.m2\repository\org\springframework\spring-context\6.1.2\spring-context-6.1.2.jar;C:\Users\qwoli\.m2\repository\org\aspectj\aspectjrt\1.9.21\aspectjrt-1.9.21.jar;C:\Users\qwoli\.m2\repository\org\springframework\cloud\spring-cloud-sleuth-brave\3.1.9\spring-cloud-sleuth-brave-3.1.9.jar;C:\Users\qwoli\.m2\repository\io\zipkin\brave\brave-instrumentation-messaging\5.16.0\brave-instrumentation-messaging-5.16.0.jar;C:\Users\qwoli\.m2\repository\io\zipkin\brave\brave-instrumentation-rpc\5.16.0\brave-instrumentation-rpc-5.16.0.jar;C:\Users\qwoli\.m2\repository\io\zipkin\brave\brave-instrumentation-spring-rabbit\5.16.0\brave-instrumentation-spring-rabbit-5.16.0.jar;C:\Users\qwoli\.m2\repository\io\zipkin\brave\brave-instrumentation-kafka-clients\5.16.0\brave-instrumentation-kafka-clients-5.16.0.jar;C:\Users\qwoli\.m2\repository\io\zipkin\brave\brave-instrumentation-kafka-streams\5.16.0\brave-instrumentation-kafka-streams-5.16.0.jar;C:\Users\qwoli\.m2\repository\io\zipkin\brave\brave-instrumentation-httpclient\5.16.0\brave-instrumentation-httpclient-5.16.0.jar;C:\Users\qwoli\.m2\repository\io\zipkin\brave\brave-instrumentation-httpasyncclient\5.16.0\brave-instrumentation-httpasyncclient-5.16.0.jar;C:\Users\qwoli\.m2\repository\io\zipkin\brave\brave-instrumentation-jms\5.16.0\brave-instrumentation-jms-5.16.0.jar;C:\Users\qwoli\.m2\repository\io\zipkin\brave\brave-instrumentation-mongodb\5.16.0\brave-instrumentation-mongodb-5.16.0.jar;C:\Users\qwoli\.m2\repository\io\zipkin\reporter2\zipkin-reporter-metrics-micrometer\2.16.3\zipkin-reporter-metrics-micrometer-2.16.3.jar;C:\Users\qwoli\.m2\repository\org\springframework\cloud\spring-cloud-starter-circuitbreaker-reactor-resilience4j\3.1.0\spring-cloud-starter-circuitbreaker-reactor-resilience4j-3.1.0.jar;C:\Users\qwoli\.m2\repository\org\springframework\cloud\spring-cloud-circuitbreaker-resilience4j\3.1.0\spring-cloud-circuitbreaker-resilience4j-3.1.0.jar;C:\Users\qwoli\.m2\repository\io\github\resilience4j\resilience4j-spring-boot3\2.1.0\resilience4j-spring-boot3-2.1.0.jar;C:\Users\qwoli\.m2\repository\io\github\resilience4j\resilience4j-spring6\2.1.0\resilience4j-spring6-2.1.0.jar;C:\Users\qwoli\.m2\repository\io\github\resilience4j\resilience4j-annotations\2.1.0\resilience4j-annotations-2.1.0.jar;C:\Users\qwoli\.m2\repository\io\github\resilience4j\resilience4j-consumer\2.1.0\resilience4j-consumer-2.1.0.jar;C:\Users\qwoli\.m2\repository\io\github\resilience4j\resilience4j-circularbuffer\2.1.0\resilience4j-circularbuffer-2.1.0.jar;C:\Users\qwoli\.m2\repository\io\github\resilience4j\resilience4j-framework-common\2.1.0\resilience4j-framework-common-2.1.0.jar;C:\Users\qwoli\.m2\repository\io\github\resilience4j\resilience4j-micrometer\2.1.0\resilience4j-micrometer-2.1.0.jar;C:\Users\qwoli\.m2\repository\io\github\resilience4j\resilience4j-circuitbreaker\2.1.0\resilience4j-circuitbreaker-2.1.0.jar;C:\Users\qwoli\.m2\repository\io\github\resilience4j\resilience4j-core\2.1.0\resilience4j-core-2.1.0.jar;C:\Users\qwoli\.m2\repository\io\github\resilience4j\resilience4j-timelimiter\2.1.0\resilience4j-timelimiter-2.1.0.jar;C:\Users\qwoli\.m2\repository\io\github\resilience4j\resilience4j-reactor\2.1.0\resilience4j-reactor-2.1.0.jar;C:\Users\qwoli\.m2\repository\io\github\resilience4j\resilience4j-ratelimiter\2.1.0\resilience4j-ratelimiter-2.1.0.jar;C:\Users\qwoli\.m2\repository\io\github\resilience4j\resilience4j-bulkhead\2.1.0\resilience4j-bulkhead-2.1.0.jar;C:\Users\qwoli\.m2\repository\io\github\resilience4j\resilience4j-retry\2.1.0\resilience4j-retry-2.1.0.jar;C:\Users\qwoli\.m2\repository\org\springframework\boot\spring-boot-starter-data-redis-reactive\3.2.1\spring-boot-starter-data-redis-reactive-3.2.1.jar;C:\Users\qwoli\.m2\repository\io\lettuce\lettuce-core\6.3.0.RELEASE\lettuce-core-6.3.0.RELEASE.jar;C:\Users\qwoli\.m2\repository\io\netty\netty-common\4.1.104.Final\netty-common-4.1.104.Final.jar;C:\Users\qwoli\.m2\repository\io\netty\netty-handler\4.1.104.Final\netty-handler-4.1.104.Final.jar;C:\Users\qwoli\.m2\repository\io\netty\netty-resolver\4.1.104.Final\netty-resolver-4.1.104.Final.jar;C:\Users\qwoli\.m2\repository\io\netty\netty-buffer\4.1.104.Final\netty-buffer-4.1.104.Final.jar;C:\Users\qwoli\.m2\repository\io\netty\netty-transport-native-unix-common\4.1.104.Final\netty-transport-native-unix-common-4.1.104.Final.jar;C:\Users\qwoli\.m2\repository\io\netty\netty-codec\4.1.104.Final\netty-codec-4.1.104.Final.jar;C:\Users\qwoli\.m2\repository\io\netty\netty-transport\4.1.104.Final\netty-transport-4.1.104.Final.jar;C:\Users\qwoli\.m2\repository\org\springframework\data\spring-data-redis\3.2.1\spring-data-redis-3.2.1.jar;C:\Users\qwoli\.m2\repository\org\springframework\data\spring-data-keyvalue\3.2.1\spring-data-keyvalue-3.2.1.jar;C:\Users\qwoli\.m2\repository\org\springframework\data\spring-data-commons\3.2.1\spring-data-commons-3.2.1.jar;C:\Users\qwoli\.m2\repository\org\springframework\spring-tx\6.1.2\spring-tx-6.1.2.jar;C:\Users\qwoli\.m2\repository\org\springframework\spring-oxm\6.1.2\spring-oxm-6.1.2.jar;C:\Users\qwoli\.m2\repository\org\springframework\spring-context-support\6.1.2\spring-context-support-6.1.2.jar;C:\Users\qwoli\.m2\repository\org\springframework\boot\spring-boot-starter-security\3.2.1\spring-boot-starter-security-3.2.1.jar;C:\Users\qwoli\.m2\repository\org\springframework\spring-aop\6.1.2\spring-aop-6.1.2.jar;C:\Users\qwoli\.m2\repository\org\springframework\security\spring-security-config\6.2.1\spring-security-config-6.2.1.jar;C:\Users\qwoli\.m2\repository\org\springframework\security\spring-security-core\6.2.1\spring-security-core-6.2.1.jar;C:\Users\qwoli\.m2\repository\org\springframework\security\spring-security-web\6.2.1\spring-security-web-6.2.1.jar;C:\Users\qwoli\.m2\repository\org\springframework\spring-expression\6.1.2\spring-expression-6.1.2.jar;C:\Users\qwoli\.m2\repository\com\okta\spring\okta-spring-boot-starter\2.1.6\okta-spring-boot-starter-2.1.6.jar;C:\Users\qwoli\.m2\repository\com\okta\spring\okta-spring-security-oauth2\2.1.6\okta-spring-security-oauth2-2.1.6.jar;C:\Users\qwoli\.m2\repository\javax\validation\validation-api\2.0.1.Final\validation-api-2.0.1.Final.jar;C:\Users\qwoli\.m2\repository\com\okta\commons\okta-config-check\1.3.1\okta-config-check-1.3.1.jar;C:\Users\qwoli\.m2\repository\com\okta\commons\okta-commons-lang\1.3.1\okta-commons-lang-1.3.1.jar;C:\Users\qwoli\.m2\repository\org\springframework\security\spring-security-oauth2-client\6.2.1\spring-security-oauth2-client-6.2.1.jar;C:\Users\qwoli\.m2\repository\org\springframework\security\spring-security-oauth2-core\6.2.1\spring-security-oauth2-core-6.2.1.jar;C:\Users\qwoli\.m2\repository\com\nimbusds\oauth2-oidc-sdk\9.43.3\oauth2-oidc-sdk-9.43.3.jar;C:\Users\qwoli\.m2\repository\com\github\stephenc\jcip\jcip-annotations\1.0-1\jcip-annotations-1.0-1.jar;C:\Users\qwoli\.m2\repository\com\nimbusds\content-type\2.2\content-type-2.2.jar;C:\Users\qwoli\.m2\repository\com\nimbusds\lang-tag\1.7\lang-tag-1.7.jar;C:\Users\qwoli\.m2\repository\org\springframework\security\spring-security-oauth2-jose\6.2.1\spring-security-oauth2-jose-6.2.1.jar;C:\Users\qwoli\.m2\repository\com\nimbusds\nimbus-jose-jwt\9.24.4\nimbus-jose-jwt-9.24.4.jar;C:\Users\qwoli\.m2\repository\org\springframework\security\spring-security-oauth2-resource-server\6.2.1\spring-security-oauth2-resource-server-6.2.1.jar;C:\Users\qwoli\.m2\repository\com\okta\spring\okta-spring-sdk\2.1.6\okta-spring-sdk-2.1.6.jar
Launcher Type: SUN_STANDARD

[Global flags]
     intx CICompilerCount                          = 3                                         {product} {ergonomic}
     uint ConcGCThreads                            = 1                                         {product} {ergonomic}
     uint G1ConcRefinementThreads                  = 4                                         {product} {ergonomic}
   size_t G1HeapRegionSize                         = 2097152                                   {product} {ergonomic}
    uintx GCDrainStackTargetSize                   = 64                                        {product} {ergonomic}
   size_t InitialHeapSize                          = 268435456                                 {product} {ergonomic}
     bool ManagementServer                         = true                                      {product} {command line}
   size_t MarkStackSize                            = 4194304                                   {product} {ergonomic}
   size_t MaxHeapSize                              = 4271898624                                {product} {ergonomic}
   size_t MaxNewSize                               = 2562719744                                {product} {ergonomic}
   size_t MinHeapDeltaBytes                        = 2097152                                   {product} {ergonomic}
   size_t MinHeapSize                              = 8388608                                   {product} {ergonomic}
    uintx NonNMethodCodeHeapSize                   = 4096                                   {pd product} {ergonomic}
    uintx NonProfiledCodeHeapSize                  = 0                                      {pd product} {ergonomic}
     bool ProfileInterpreter                       = false                                  {pd product} {command line}
    uintx ProfiledCodeHeapSize                     = 0                                      {pd product} {ergonomic}
   size_t SoftMaxHeapSize                          = 4271898624                             {manageable} {ergonomic}
     intx TieredStopAtLevel                        = 1                                         {product} {command line}
     bool UseCompressedOops                        = true                           {product lp64_product} {ergonomic}
     bool UseG1GC                                  = true                                      {product} {ergonomic}
     bool UseLargePagesIndividualAllocation        = false                                  {pd product} {ergonomic}

Logging:
Log output configuration:
 #0: stdout all=warning uptime,level,tags foldmultilines=false
 #1: stderr all=off uptime,level,tags foldmultilines=false

Environment Variables:
PATH=C:\Windows\system32;C:\Windows;C:\Windows\System32\Wbem;C:\Windows\System32\WindowsPowerShell\v1.0\;C:\Windows\System32\OpenSSH\;C:\Program Files\NVIDIA Corporation\NVIDIA NvDLISR;C:\Program Files (x86)\NVIDIA Corporation\PhysX\Common;C:\Program Files\Git\cmd;C:\Program Files\Docker\Docker\resources\bin;C:\Users\qwoli\AppData\Local\Microsoft\WindowsApps;C:\Users\qwoli\AppData\Local\JetBrains\Toolbox\scripts
USERNAME=qwoli
OS=Windows_NT
PROCESSOR_IDENTIFIER=Intel64 Family 6 Model 158 Stepping 9, GenuineIntel
TMP=C:\Users\qwoli\AppData\Local\Temp
TEMP=C:\Users\qwoli\AppData\Local\Temp




Periodic native trim disabled

---------------  S Y S T E M  ---------------

OS:
 Windows 11 , 64 bit Build 22621 (10.0.22621.2506)
OS uptime: 2 days 1:16 hours
Hyper-V role detected

CPU: total 4 (initial active 4) (4 cores per cpu, 1 threads per core) family 6 model 158 stepping 9 microcode 0xf4, cx8, cmov, fxsr, mmx, 3dnowpref, sse, sse2, sse3, ssse3, sse4.1, sse4.2, popcnt, lzcnt, tsc, tscinvbit, avx, avx2, aes, erms, clmul, bmi1, bmi2, rtm, adx, fma, vzeroupper, clflush, clflushopt, hv, rdtscp, f16c
Processor Information for all 4 processors :
  Max Mhz: 4008, Current Mhz: 4008, Mhz Limit: 4008

Memory: 4k page, system-wide physical 16289M (3624M free)
TotalPageFile size 25763M (AvailPageFile size 3260M)
current process WorkingSet (physical memory assigned to process): 58M, peak: 58M
current process commit charge ("private bytes"): 336M, peak: 336M

vm_info: OpenJDK 64-Bit Server VM (21.0.1+12-29) for windows-amd64 JRE (21.0.1+12-29), built on 2023-10-05T13:27:09Z by "mach5one" with MS VC++ 17.1 (VS2022)

END.
